- Requesting http://www.intermagnet.org/apps/download/php/ajax/search_catalogue.php?rate=minute&type=variation&format=IAGA2002&from_year=1999&from_month=01&from_day=01&to_year=1999&to_month=12&to_day=31&region=America,Asia,Europe,Pacific,Africa&latid=NH,NM,E,SM,SH&_=1382398875837
- Requesting http://www.intermagnet.org/apps/download/php/ajax/search_catalogue.php?rate=minute&type=variation&format=IAGA2002&from_year=2000&from_month=01&from_day=01&to_year=2000&to_month=12&to_day=31&region=America,Asia,Europe,Pacific,Africa&latid=NH,NM,E,SM,SH&_=1382398875837
- Requesting http://www.intermagnet.org/apps/download/php/ajax/search_catalogue.php?rate=minute&type=variation&format=IAGA2002&from_year=2001&from_month=01&from_day=01&to_year=2001&to_month=12&to_day=31&region=America,Asia,Europe,Pacific,Africa&latid=NH,NM,E,SM,SH&_=1382398875837
- Requesting http://www.intermagnet.org/apps/download/php/ajax/search_catalogue.php?rate=minute&type=variation&format=IAGA2002&from_year=2002&from_month=01&from_day=01&to_year=2002&to_month=12&to_day=31&region=America,Asia,Europe,Pacific,Africa&latid=NH,NM,E,SM,SH&_=1382398875837
- Requesting http://www.intermagnet.org/apps/download/php/ajax/search_catalogue.php?rate=minute&type=variation&format=IAGA2002&from_year=2003&from_month=01&from_day=01&to_year=2003&to_month=12&to_day=31&region=America,Asia,Europe,Pacific,Africa&latid=NH,NM,E,SM,SH&_=1382398875837
- Requesting http://www.intermagnet.org/apps/download/php/ajax/search_catalogue.php?rate=minute&type=variation&format=IAGA2002&from_year=2004&from_month=01&from_day=01&to_year=2004&to_month=12&to_day=31&region=America,Asia,Europe,Pacific,Africa&latid=NH,NM,E,SM,SH&_=1382398875837
- Requesting http://www.intermagnet.org/apps/download/php/ajax/search_catalogue.php?rate=minute&type=variation&format=IAGA2002&from_year=2005&from_month=01&from_day=01&to_year=2005&to_month=12&to_day=31&region=America,Asia,Europe,Pacific,Africa&latid=NH,NM,E,SM,SH&_=1382398875837
- Requesting http://www.intermagnet.org/apps/download/php/ajax/search_catalogue.php?rate=minute&type=variation&format=IAGA2002&from_year=2006&from_month=01&from_day=01&to_year=2006&to_month=12&to_day=31&region=America,Asia,Europe,Pacific,Africa&latid=NH,NM,E,SM,SH&_=1382398875837
- Requesting http://www.intermagnet.org/apps/download/php/ajax/search_catalogue.php?rate=minute&type=variation&format=IAGA2002&from_year=2007&from_month=01&from_day=01&to_year=2007&to_month=12&to_day=31&region=America,Asia,Europe,Pacific,Africa&latid=NH,NM,E,SM,SH&_=1382398875837
- Requesting http://www.intermagnet.org/apps/download/php/ajax/search_catalogue.php?rate=minute&type=variation&format=IAGA2002&from_year=2008&from_month=01&from_day=01&to_year=2008&to_month=12&to_day=31&region=America,Asia,Europe,Pacific,Africa&latid=NH,NM,E,SM,SH&_=1382398875837
- Requesting http://www.intermagnet.org/apps/download/php/ajax/search_catalogue.php?rate=minute&type=variation&format=IAGA2002&from_year=2009&from_month=01&from_day=01&to_year=2009&to_month=12&to_day=31&region=America,Asia,Europe,Pacific,Africa&latid=NH,NM,E,SM,SH&_=1382398875837
- Requesting http://www.intermagnet.org/apps/download/php/ajax/search_catalogue.php?rate=minute&type=variation&format=IAGA2002&from_year=2010&from_month=01&from_day=01&to_year=2010&to_month=12&to_day=31&region=America,Asia,Europe,Pacific,Africa&latid=NH,NM,E,SM,SH&_=1382398875837
- Requesting http://www.intermagnet.org/apps/download/php/ajax/search_catalogue.php?rate=minute&type=variation&format=IAGA2002&from_year=2011&from_month=01&from_day=01&to_year=2011&to_month=12&to_day=31&region=America,Asia,Europe,Pacific,Africa&latid=NH,NM,E,SM,SH&_=1382398875837
- Requesting http://www.intermagnet.org/apps/download/php/ajax/search_catalogue.php?rate=minute&type=variation&format=IAGA2002&from_year=2012&from_month=01&from_day=01&to_year=2012&to_month=12&to_day=31&region=America,Asia,Europe,Pacific,Africa&latid=NH,NM,E,SM,SH&_=1382398875837
- Requesting http://www.intermagnet.org/apps/download/php/ajax/search_catalogue.php?rate=minute&type=variation&format=IAGA2002&from_year=2013&from_month=01&from_day=01&to_year=2013&to_month=12&to_day=31&region=America,Asia,Europe,Pacific,Africa&latid=NH,NM,E,SM,SH&_=1382398875837
- Requesting http://www.intermagnet.org/apps/download/php/ajax/search_catalogue.php?rate=minute&type=variation&format=IAGA2002&from_year=2014&from_month=01&from_day=01&to_year=2014&to_month=12&to_day=31&region=America,Asia,Europe,Pacific,Africa&latid=NH,NM,E,SM,SH&_=1382398875837
- Requesting http://www.intermagnet.org/apps/download/php/ajax/search_catalogue.php?rate=minute&type=variation&format=IAGA2002&from_year=2015&from_month=01&from_day=01&to_year=2015&to_month=12&to_day=31&region=America,Asia,Europe,Pacific,Africa&latid=NH,NM,E,SM,SH&_=1382398875837
+ Finished request for http://www.intermagnet.org/apps/download/php/ajax/search_catalogue.php?rate=minute&type=variation&format=IAGA2002&from_year=1999&from_month=01&from_day=01&to_year=1999&to_month=12&to_day=31&region=America,Asia,Europe,Pacific,Africa&latid=NH,NM,E,SM,SH&_=1382398875837
+ Finished request for http://www.intermagnet.org/apps/download/php/ajax/search_catalogue.php?rate=minute&type=variation&format=IAGA2002&from_year=2000&from_month=01&from_day=01&to_year=2000&to_month=12&to_day=31&region=America,Asia,Europe,Pacific,Africa&latid=NH,NM,E,SM,SH&_=1382398875837
+ Finished request for http://www.intermagnet.org/apps/download/php/ajax/search_catalogue.php?rate=minute&type=variation&format=IAGA2002&from_year=2005&from_month=01&from_day=01&to_year=2005&to_month=12&to_day=31&region=America,Asia,Europe,Pacific,Africa&latid=NH,NM,E,SM,SH&_=1382398875837
+ Finished request for http://www.intermagnet.org/apps/download/php/ajax/search_catalogue.php?rate=minute&type=variation&format=IAGA2002&from_year=2001&from_month=01&from_day=01&to_year=2001&to_month=12&to_day=31&region=America,Asia,Europe,Pacific,Africa&latid=NH,NM,E,SM,SH&_=1382398875837
+ Finished request for http://www.intermagnet.org/apps/download/php/ajax/search_catalogue.php?rate=minute&type=variation&format=IAGA2002&from_year=2004&from_month=01&from_day=01&to_year=2004&to_month=12&to_day=31&region=America,Asia,Europe,Pacific,Africa&latid=NH,NM,E,SM,SH&_=1382398875837
+ Finished request for http://www.intermagnet.org/apps/download/php/ajax/search_catalogue.php?rate=minute&type=variation&format=IAGA2002&from_year=2002&from_month=01&from_day=01&to_year=2002&to_month=12&to_day=31&region=America,Asia,Europe,Pacific,Africa&latid=NH,NM,E,SM,SH&_=1382398875837
+ Finished request for http://www.intermagnet.org/apps/download/php/ajax/search_catalogue.php?rate=minute&type=variation&format=IAGA2002&from_year=2003&from_month=01&from_day=01&to_year=2003&to_month=12&to_day=31&region=America,Asia,Europe,Pacific,Africa&latid=NH,NM,E,SM,SH&_=1382398875837
+ Finished request for http://www.intermagnet.org/apps/download/php/ajax/search_catalogue.php?rate=minute&type=variation&format=IAGA2002&from_year=2008&from_month=01&from_day=01&to_year=2008&to_month=12&to_day=31&region=America,Asia,Europe,Pacific,Africa&latid=NH,NM,E,SM,SH&_=1382398875837
+ Finished request for http://www.intermagnet.org/apps/download/php/ajax/search_catalogue.php?rate=minute&type=variation&format=IAGA2002&from_year=2010&from_month=01&from_day=01&to_year=2010&to_month=12&to_day=31&region=America,Asia,Europe,Pacific,Africa&latid=NH,NM,E,SM,SH&_=1382398875837
+ Finished request for http://www.intermagnet.org/apps/download/php/ajax/search_catalogue.php?rate=minute&type=variation&format=IAGA2002&from_year=2006&from_month=01&from_day=01&to_year=2006&to_month=12&to_day=31&region=America,Asia,Europe,Pacific,Africa&latid=NH,NM,E,SM,SH&_=1382398875837
+ Finished request for http://www.intermagnet.org/apps/download/php/ajax/search_catalogue.php?rate=minute&type=variation&format=IAGA2002&from_year=2007&from_month=01&from_day=01&to_year=2007&to_month=12&to_day=31&region=America,Asia,Europe,Pacific,Africa&latid=NH,NM,E,SM,SH&_=1382398875837
+ Finished request for http://www.intermagnet.org/apps/download/php/ajax/search_catalogue.php?rate=minute&type=variation&format=IAGA2002&from_year=2012&from_month=01&from_day=01&to_year=2012&to_month=12&to_day=31&region=America,Asia,Europe,Pacific,Africa&latid=NH,NM,E,SM,SH&_=1382398875837
+ Finished request for http://www.intermagnet.org/apps/download/php/ajax/search_catalogue.php?rate=minute&type=variation&format=IAGA2002&from_year=2011&from_month=01&from_day=01&to_year=2011&to_month=12&to_day=31&region=America,Asia,Europe,Pacific,Africa&latid=NH,NM,E,SM,SH&_=1382398875837
+ Finished request for http://www.intermagnet.org/apps/download/php/ajax/search_catalogue.php?rate=minute&type=variation&format=IAGA2002&from_year=2015&from_month=01&from_day=01&to_year=2015&to_month=12&to_day=31&region=America,Asia,Europe,Pacific,Africa&latid=NH,NM,E,SM,SH&_=1382398875837
+ Finished request for http://www.intermagnet.org/apps/download/php/ajax/search_catalogue.php?rate=minute&type=variation&format=IAGA2002&from_year=2014&from_month=01&from_day=01&to_year=2014&to_month=12&to_day=31&region=America,Asia,Europe,Pacific,Africa&latid=NH,NM,E,SM,SH&_=1382398875837
+ Finished request for http://www.intermagnet.org/apps/download/php/ajax/search_catalogue.php?rate=minute&type=variation&format=IAGA2002&from_year=2009&from_month=01&from_day=01&to_year=2009&to_month=12&to_day=31&region=America,Asia,Europe,Pacific,Africa&latid=NH,NM,E,SM,SH&_=1382398875837
+ Finished request for http://www.intermagnet.org/apps/download/php/ajax/search_catalogue.php?rate=minute&type=variation&format=IAGA2002&from_year=2013&from_month=01&from_day=01&to_year=2013&to_month=12&to_day=31&region=America,Asia,Europe,Pacific,Africa&latid=NH,NM,E,SM,SH&_=1382398875837
Station Start Stop
AAE 2001-02-13 2014-12-31
ABK 2001-01-01 2014-12-31
AIA 2001-03-07 2014-12-31
AMS 2001-01-01 2014-12-31
API 2001-01-01 2014-09-17
AQU 2001-01-01 2013-06-19
ASP 2001-01-01 2014-09-17
BDV 2001-01-01 2014-06-14
BEL 2001-01-01 2014-12-31
BFE 2001-01-01 2012-05-28
BLC 2001-01-01 2014-12-31
BNG 2001-01-28 2011-10-07
BOU 2001-01-01 2014-12-31
BRW 2001-01-01 2014-12-31
BSL 2001-01-01 2014-12-31
CBB 2001-01-01 2014-12-31
CLF 2001-01-01 2014-12-31
CMO 2001-01-01 2014-12-31
CNB 2001-01-01 2014-09-17
CTA 2001-08-12 2014-09-17
CZT 2001-01-01 2014-12-31
DLR 2001-01-01 2010-03-17
DRV 2001-03-01 2014-12-31
ESK 2001-01-01 2014-09-07
EYR 2001-01-01 2014-09-17
FCC 2001-01-01 2014-12-31
FRD 2001-01-01 2014-12-31
FRN 2001-01-01 2014-12-31
FUR 2001-01-01 2014-12-31
GDH 2001-01-01 2012-05-28
GNA 2001-01-01 2013-01-31
GUA 2001-01-01 2014-12-31
GUI 2001-01-01 2014-09-25
HAD 2001-01-01 2014-09-07
HBK 2001-01-01 2014-09-16
HER 2001-01-01 2014-09-16
HLP 2001-01-01 2014-12-31
HON 2001-01-01 2014-12-31
HRB 2001-01-01 2014-12-31
IQA 2001-01-01 2014-12-31
IRT 2001-01-01 2014-12-31
ISK 2001-01-01 2009-12-03
KDU 2001-08-12 2014-09-17
KOU 2001-01-01 2014-12-31
LER 2001-01-01 2014-09-07
LOV 2001-01-01 2004-04-25
MBO 2001-01-28 2014-12-31
MEA 2001-01-01 2014-12-31
MID 2001-01-01 2005-02-03
NAQ 2001-01-01 2012-05-28
NCK 2001-01-01 2014-12-31
NEW 2001-01-01 2014-12-31
NGK 2001-01-01 2014-10-24
NUR 2001-01-01 2014-09-17
OTT 2001-01-01 2014-12-31
PAF 2001-01-01 2014-12-31
PBQ 2001-01-01 2007-11-01
PHU 2001-01-01 2014-12-31
PPT 2001-01-01 2014-12-31
QSB 2001-01-31 2009-06-14
RES 2001-01-01 2014-12-31
SBA 2001-01-01 2014-09-17
SIT 2001-01-01 2014-12-31
SJG 2001-01-01 2014-12-31
SOD 2001-01-01 2014-12-31
SPT 2001-01-10 2014-12-31
STJ 2001-01-01 2014-12-31
TAM 2001-01-01 2014-12-31
TAN 2001-01-03 2008-12-21
THL 2001-01-01 2012-05-28
THY 2001-01-01 2014-09-17
TRW 2001-01-01 2014-12-31
TUC 2001-01-01 2014-12-31
VIC 2001-01-01 2014-12-31
VSS 2001-01-01 2014-10-23
WNG 2001-01-01 2014-10-24
YKC 2001-01-01 2014-12-31
ABG 2002-04-01 2014-12-31
BMT 2002-04-01 2014-12-31
EBR 2002-05-13 2014-12-31
GLN 2002-09-01 2006-04-07
KAK 2002-04-01 2012-09-06
KNY 2002-08-30 2012-09-06
LZH 2002-01-06 2014-11-19
MCQ 2002-05-29 2014-09-17
MMB 2002-04-01 2012-09-06
SUA 2002-04-22 2014-10-24
VAL 2002-02-01 2014-12-30
ASC 2003-01-01 2014-09-17
DOU 2003-06-01 2014-12-31
GZH 2003-09-30 2014-07-26
HRN 2003-01-01 2014-12-31
HUA 2003-06-01 2014-12-31
PST 2003-06-01 2014-09-17
TEO 2003-06-01 2011-07-27
BOX 2004-10-17 2014-12-31
UPS 2004-07-23 2014-12-31
NVS 2005-01-01 2014-12-31
TSU 2005-01-01 2014-09-16
AAA 2006-01-01 2014-11-30
BFO 2006-08-24 2013-01-26
GCK 2006-01-01 2014-12-31
LRM 2006-01-01 2014-09-17
LVV 2006-01-01 2014-12-31
MAB 2006-01-01 2014-12-30
MAW 2006-01-01 2014-09-17
SFS 2006-01-19 2014-12-31
SHU 2006-08-02 2014-12-31
IZN 2007-11-19 2014-12-30
PAG 2007-11-22 2014-10-24
DMC 2009-01-01 2014-12-31
HYB 2009-09-22 2014-10-24
LYC 2009-09-22 2014-12-31
ALE 2010-02-07 2011-12-31
IPM 2010-10-20 2014-12-31
KMH 2010-01-01 2014-09-16
MGD 2010-02-25 2014-12-31
PEG 2010-03-05 2014-09-15
ARS 2011-07-15 2014-12-31
CNH 2011-01-01 2014-09-14
CSY 2011-07-15 2014-09-17
KIV 2011-01-01 2014-12-31
TDC 2011-10-02 2012-05-31
WMQ 2011-01-01 2014-01-20
YAK 2011-01-01 2014-12-30
DED 2012-07-26 2014-12-31
DLT 2012-10-02 2014-12-31
GNG 2012-10-08 2014-09-17
PIL 2012-09-21 2014-12-26
CKI 2013-09-28 2014-09-17
CYG 2013-10-30 2014-12-31
GAN 2013-09-28 2014-12-31
JAI 2013-11-08 2014-12-31
KHB 2013-11-18 2014-12-31
ORC 2013-09-28 2014-12-31
PET 2013-09-28 2014-12-31
VOS 2013-05-02 2013-05-24
SON 2014-11-08 2014-12-31
Wrote catalog_PT1M.txt
