make[2]: Entering directory `/home/weigel/git/tsds2/tsdscc/catalogs/intermagnet'
node metadata.js PT1M
Directory ./data/IRT/PT1M does not exist IRT 2003-01-01 2010-12-31
Directory ./data/ISK/PT1M does not exist ISK 2003-01-01 2008-12-31
Directory ./data/KAK/PT1M does not exist KAK 2003-01-01 2010-12-31
Directory ./data/KDU/PT1M does not exist KDU 2003-01-01 2010-12-31
Directory ./data/KNY/PT1M does not exist KNY 2003-01-23 2010-12-31
Directory ./data/KOU/PT1M does not exist KOU 2003-01-01 2010-12-31
Directory ./data/LER/PT1M does not exist LER 2003-01-01 2010-12-31
Directory ./data/LOV/PT1M does not exist LOV 2003-01-01 2001-12-31
Directory ./data/LZH/PT1M does not exist LZH 2003-01-01 2010-12-31
Directory ./data/MBO/PT1M does not exist MBO 2003-01-02 2010-12-31
Directory ./data/MCQ/PT1M does not exist MCQ 2003-01-01 2010-12-31
Directory ./data/MEA/PT1M does not exist MEA 2003-01-01 2010-12-31
Directory ./data/MID/PT1M does not exist MID 2003-01-01 2001-12-31
Directory ./data/MMB/PT1M does not exist MMB 2003-01-01 2010-12-31
Directory ./data/NAQ/PT1M does not exist NAQ 2003-01-01 2010-12-31
Directory ./data/NCK/PT1M does not exist NCK 2003-01-02 2010-12-31
Directory ./data/NEW/PT1M does not exist NEW 2003-01-01 2010-12-31
Directory ./data/NGK/PT1M does not exist NGK 2003-01-01 2010-12-31
Directory ./data/NUR/PT1M does not exist NUR 2003-01-01 2010-12-31
Directory ./data/OTT/PT1M does not exist OTT 2003-01-01 2010-12-31
Directory ./data/PAF/PT1M does not exist PAF 2003-01-01 2010-12-31
Directory ./data/PBQ/PT1M does not exist PBQ 2003-01-01 2001-12-31
Directory ./data/PHU/PT1M does not exist PHU 2003-01-01 2010-12-17
Directory ./data/PPT/PT1M does not exist PPT 2003-01-01 2010-12-31
Directory ./data/PST/PT1M does not exist PST 2003-06-01 2010-12-31
Directory ./data/QSB/PT1M does not exist QSB 2003-01-02 2008-10-23
Directory ./data/RES/PT1M does not exist RES 2003-01-01 2010-12-31
Directory ./data/SBA/PT1M does not exist SBA 2003-01-01 2010-12-31
Directory ./data/SIT/PT1M does not exist SIT 2003-01-01 2010-12-31
Directory ./data/SJG/PT1M does not exist SJG 2003-01-01 2010-12-31
Directory ./data/SOD/PT1M does not exist SOD 2003-01-01 2010-12-31
Directory ./data/SPT/PT1M does not exist SPT 2003-01-01 2010-12-31
Directory ./data/STJ/PT1M does not exist STJ 2003-01-01 2010-12-31
Directory ./data/SUA/PT1M does not exist SUA 2003-01-01 2010-12-31
Directory ./data/TAM/PT1M does not exist TAM 2003-01-02 2010-12-31
Directory ./data/TAN/PT1M does not exist TAN 2003-01-02 2008-12-21
Directory ./data/TEO/PT1M does not exist TEO 2003-06-01 2010-06-04
Directory ./data/THL/PT1M does not exist THL 2003-01-01 2010-12-31
Directory ./data/THY/PT1M does not exist THY 2003-01-01 2010-12-31
Directory ./data/TRW/PT1M does not exist TRW 2003-01-02 2010-12-31
Directory ./data/TUC/PT1M does not exist TUC 2003-01-01 2010-12-31
Directory ./data/VAL/PT1M does not exist VAL 2003-01-05 2010-12-31
Directory ./data/VIC/PT1M does not exist VIC 2003-01-01 2010-12-31
Directory ./data/VSS/PT1M does not exist VSS 2003-01-01 2010-10-26
Directory ./data/WNG/PT1M does not exist WNG 2003-01-01 2010-12-31
Directory ./data/YKC/PT1M does not exist YKC 2003-01-01 2010-12-31
Directory ./data/UPS/PT1M does not exist UPS 2004-07-23 2010-12-31
Directory ./data/AAA/PT1M does not exist AAA 2006-01-01 2010-12-31
Directory ./data/BFO/PT1M does not exist BFO 2006-08-24 2010-12-31
Directory ./data/GCK/PT1M does not exist GCK 2006-01-01 2010-11-21
Directory ./data/LRM/PT1M does not exist LRM 2006-01-01 2010-12-31
Directory ./data/LVV/PT1M does not exist LVV 2006-01-01 2010-12-31
Directory ./data/MAB/PT1M does not exist MAB 2006-01-01 2010-12-31
Directory ./data/MAW/PT1M does not exist MAW 2006-01-01 2010-12-31
Directory ./data/NVS/PT1M does not exist NVS 2006-01-01 2010-12-31
Directory ./data/SFS/PT1M does not exist SFS 2006-01-19 2010-12-31
Directory ./data/SHU/PT1M does not exist SHU 2006-08-02 2010-12-31
Directory ./data/TSU/PT1M does not exist TSU 2006-01-01 2010-12-31
Directory ./data/IZN/PT1M does not exist IZN 2007-11-19 2010-12-31
Directory ./data/PAG/PT1M does not exist PAG 2007-11-22 2010-12-31
Directory ./data/DMC/PT1M does not exist DMC 2009-01-01 2010-12-31
Directory ./data/HYB/PT1M does not exist HYB 2009-09-22 2010-12-31
Directory ./data/LYC/PT1M does not exist LYC 2009-09-22 2010-12-31
Directory ./data/ALE/PT1M does not exist ALE 2011-01-01 2010-12-31
Directory ./data/ARS/PT1M does not exist ARS 2011-07-15 2012-12-31
Directory ./data/CNH/PT1M does not exist CNH 2011-01-01 2012-12-31
Directory ./data/CSY/PT1M does not exist CSY 2011-07-15 2012-12-31
Directory ./data/IPM/PT1M does not exist IPM 2011-01-01 2010-12-31
Directory ./data/KIV/PT1M does not exist KIV 2011-01-01 2012-12-31
Directory ./data/KMH/PT1M does not exist KMH 2011-01-01 2010-12-31
Directory ./data/MGD/PT1M does not exist MGD 2011-01-01 2010-12-31
Directory ./data/PEG/PT1M does not exist PEG 2011-01-01 2010-12-31
Directory ./data/TDC/PT1M does not exist TDC 2011-10-02 2012-05-31
Directory ./data/WMQ/PT1M does not exist WMQ 2011-01-01 2012-07-31
Directory ./data/YAK/PT1M does not exist YAK 2011-01-01 2012-12-31
Directory ./data/DED/PT1M does not exist DED 2012-07-26 2012-12-31
Directory ./data/DLT/PT1M does not exist DLT 2012-10-02 2012-12-31
Directory ./data/GNG/PT1M does not exist GNG 2012-10-08 2012-12-31
Directory ./data/PIL/PT1M does not exist PIL 2012-09-21 2012-12-31
Extracted info from ./data/ABG/PT1M/abg20030101vmin.min.gz (1/48): ABG,2003-01-01,2010-12-31,HDZF,18.600,72.900,Indian Institute of Geomagnetism,Alibag
Extracted info from ./data/AAE/PT1M/aae20040624vmin.min.gz (2/48): AAE,2003-01-01,2010-12-31,HDZF,9.000,38.800,University of Addis Ababa,Addis Ababa
Extracted info from ./data/API/PT1M/api20030102vmin.min.gz (3/48): API,2003-01-02,2010-12-31,HDZN,-13.800,188.100,Department of Agriculture; Forestry, Fisherie,Apia
Extracted info from ./data/AIA/PT1M/aia20030630vmin.min.gz (4/48): AIA,2003-01-01,2010-12-31,HDZF,-65.300,295.700,Lviv Centre of Institute of Space Research,Vernadsky
Extracted info from ./data/ABK/PT1M/abk20050101vmin.min.gz (5/48): ABK,2003-01-01,2010-12-31,XYZF,68.400,18.800,Geological Survey of Sweden,Abisko
Extracted info from ./data/AMS/PT1M/ams20030101vmin.min.gz (6/48): AMS,2003-01-01,2010-12-31,HDZF,-37.800,77.600,EOST,Martin de Vivies-Amsterdam Island
Extracted info from ./data/ASC/PT1M/asc20031227vmin.min.gz (7/48): ASC,2003-01-01,2010-12-31,HDZF,-8.000,345.600,British Geological Survey (BGS),Ascension Island
Extracted info from ./data/AQU/PT1M/aqu20030101vmin.min.gz (8/48): AQU,2003-01-01,2010-12-31,HDZF,47.600,13.300,Instituto Nazionale di Geofisica,L'Aquila
Extracted info from ./data/ASP/PT1M/asp20030101vmin.min.gz (9/48): ASP,2003-01-01,2010-12-31,XYZF,-23.800,133.800,Geoscience Australia,Alice Springs
Extracted info from ./data/BEL/PT1M/bel20050619vmin.min.gz (10/48): BEL,2003-01-01,2010-12-31,XYZF,51.800,20.800,Polish Academy of Sciences,Belsk
Extracted info from ./data/BDV/PT1M/bdv20070620vmin.min.gz (11/48): BDV,2003-01-01,2010-12-31,XYZF,49.100,14.000,Academy of Sciences of the Czech Republic,Budkov
Extracted info from ./data/BMT/PT1M/bmt20061211vmin.min.gz (12/48): BMT,2003-01-01,2010-12-31,HDZF,40.300,116.200,Chinese Academy of Sciences,Beijing Ming Tombs
Extracted info from ./data/BFE/PT1M/bfe20050101vmin.min.gz (13/48): BFE,2003-01-01,2010-12-31,XYZF,55.600,11.700,Danish Meteorological Institute (DMI),Brorfelde
Extracted info from ./data/BNG/PT1M/bng20030102vmin.min.gz (14/48): BNG,2003-01-02,2010-12-31,XYZF,4.400,18.600,Institut de Physique du Globe de Paris (IPGP),Bangui
Extracted info from ./data/BLC/PT1M/blc20060614vmin.min.gz (15/48): BLC,2003-01-01,2010-12-31,XYZF,64.300,264.000,Geological Survey of Canada (GSC),Baker Lake
Extracted info from ./data/CBB/PT1M/cbb20060103vmin.min.gz (16/48): CBB,2003-01-01,2010-12-31,XYZF,69.100,255.000,Geological Survey of Canada (GSC),Cambridge Bay
Extracted info from ./data/BRW/PT1M/brw20050101vmin.min.gz (17/48): BRW,2003-01-01,2010-12-31,HDZF,71.300,203.400,United States Geological Survey (USGS),Barrow
Extracted info from ./data/BOU/PT1M/bou20030101vmin.min.gz (18/48): BOU,2003-01-01,2010-12-31,HDZF,40.100,254.800,United States Geological Survey (USGS),Boulder
Extracted info from ./data/BSL/PT1M/bsl20041221vmin.min.gz (19/48): BSL,2003-01-01,2010-12-31,HDZF,30.400,270.400,United States Geological Survey (USGS),Stennis Space Center
Extracted info from ./data/CLF/PT1M/clf20030102vmin.min.gz (20/48): CLF,2003-01-02,2010-12-31,HdZF,48.000,2.300,Institut de Physique du Globe de Paris (IPGP),Chambon la Foret
Extracted info from ./data/CMO/PT1M/cmo20041221vmin.min.gz (21/48): CMO,2003-01-01,2010-12-31,HDZF,64.900,212.200,United States Geological Survey (USGS),College
Extracted info from ./data/CTA/PT1M/cta20030101vmin.min.gz (22/48): CTA,2003-01-01,2010-12-31,XYZF,-20.100,146.300,Geoscience Australia,Charters Towers
Extracted info from ./data/CZT/PT1M/czt20030101vmin.min.gz (23/48): CZT,2003-01-01,2010-12-31,HDZF,-46.400,51.900,EOST,Port Alfred
Extracted info from ./data/CNB/PT1M/cnb20030101vmin.min.gz (24/48): CNB,2003-01-01,2010-12-31,XYZF,-35.300,149.300,Geoscience Australia,Canberra
Extracted info from ./data/DLR/PT1M/dlr20030101vmin.min.gz (25/48): DLR,2003-01-01,2010-03-17,HDZF,29.300,259.200,United States Geological Survey (USGS),Del Rio
Extracted info from ./data/DOU/PT1M/dou20030601vmin.min.gz (26/48): DOU,2003-06-01,2010-12-31,HDZF,50.100,4.500,Royal Meterological Institute of Belgium,Dourbes
Extracted info from ./data/DRV/PT1M/drv20031227vmin.min.gz (27/48): DRV,2003-01-01,2010-12-31,XYZF,-66.700,140.000,EOST,Dumont d'Urville
Extracted info from ./data/EBR/PT1M/ebr20030101vmin.min.gz (28/48): EBR,2003-01-01,2010-12-31,XYZF,47.100,.500,Observatori de l'Ebre,Ebro
Extracted info from ./data/EYR/PT1M/eyr20030630vmin.min.gz (29/48): EYR,2003-01-01,2010-12-31,HDZF,-43.300,172.300,Institute of Geological and Nuclear Sciences ,Eyrewell
Extracted info from ./data/ESK/PT1M/esk20030630vmin.min.gz (30/48): ESK,2003-01-01,2010-12-31,HDZF,55.300,356.700,British Geological Survey (BGS),Eskdalemuir
Extracted info from ./data/FRN/PT1M/frn20050101vmin.min.gz (31/48): FRN,2003-01-01,2010-12-31,HDZF,37.100,240.300,United States Geological Survey (USGS),Fresno
Extracted info from ./data/FRD/PT1M/frd20051216vmin.min.gz (32/48): FRD,2003-01-01,2010-12-31,HDZF,38.200,282.600,United States Geological Survey (USGS),Fredericksburg
Extracted info from ./data/FCC/PT1M/fcc20071217vmin.min.gz (33/48): FCC,2003-01-01,2010-12-31,XYZF,58.800,265.900,Geological Survey of Canada (GSC),Fort Churchill
Extracted info from ./data/GDH/PT1M/gdh20030101vmin.min.gz (34/48): GDH,2003-01-01,2010-12-31,XYZF,69.200,306.500,Danish Meteorological Institute (DMI),Godhavn
Extracted info from ./data/FUR/PT1M/fur20030101vmin.min.gz (35/48): FUR,2003-01-01,2010-12-31,XYZF,48.300,11.300,Ludwig Maximilians University Munich,Furstenfeldbruck
Extracted info from ./data/GNA/PT1M/gna20030101vmin.min.gz (36/48): GLN,2003-01-01,2005-12-31,XYZF,-31.800,116.000,Geoscience Australia,Gnangara
Extracted info from ./data/GUI/PT1M/gui20070113vmin.min.gz (37/48): GNA,2003-01-01,2010-12-31,HDZF,28.300,343.600,Instituto Geografico Nacional (IGN),Guimar-Tenerife
Extracted info from ./data/HAD/PT1M/had20030101vmin.min.gz (38/48): GUI,2003-02-03,2010-12-31,HDZF,51.000,355.500,British Geological Survey (BGS),Hartland
Extracted info from ./data/GZH/PT1M/gzh20100824vmin.min.gz (39/48): GUA,2003-01-01,2010-12-31,HDZF,23.000,112.400,Seismologicial Bureau of Guangdong Province,Zhaoqing
Extracted info from ./data/HBK/PT1M/hbk20041221vmin.min.gz (40/48): GZH,2003-09-30,2010-12-31,HDZF,-25.900,27.700,National Research Foundation,Hartebeesthoek
Extracted info from ./data/HER/PT1M/her20040624vmin.min.gz (41/48): HAD,2003-01-01,2010-12-31,HDZF,-34.400,19.200,National Research Foundation,Hermanus
Extracted info from ./data/HON/PT1M/hon20030101vmin.min.gz (42/48): HER,2003-01-01,2010-12-31,HDZF,21.300,202.000,United States Geological Survey (USGS),Honolulu
Extracted info from ./data/HLP/PT1M/hlp20091125vmin.min.gz (43/48): HBK,2003-01-01,2010-12-31,XYZF,54.600,18.800,Polish Academy of Sciences,Hel
Extracted info from ./data/HRB/PT1M/hrb20091125vmin.min.gz (44/48): HLP,2003-01-01,2010-12-31,XYZF,47.900,18.200,Slovak Academy of Sciences (GPI SAS),Hurbanovo
Extracted info from ./data/HRN/PT1M/hrn20070609vmin.min.gz (45/48): HON,2003-01-01,2010-12-31,XYZF,77.000,15.500,Polish Academy of Sciences,Hornsund
Extracted info from ./data/BOX/PT1M/box20050101vmin.min.gz (46/48): HUA,2003-06-01,2010-12-31,HDZF,58.300,38.900,,
Extracted info from ./data/HUA/PT1M/hua20030601vmin.min.gz (47/48): HRB,2003-01-01,2010-12-31,HDZF,-12.000,284.600,Instituto Geofisico del Peru,Huancayo
Extracted info from ./data/IQA/PT1M/iqa20030101vmin.min.gz (48/48): HRN,2003-01-01,2010-12-31,XYZF,63.700,291.500,Geological Survey of Canada (GSC),Iqaluit
Wrote INTERMAGNET_PT1M-tsml.xml
make[2]: Leaving directory `/home/weigel/git/tsds2/tsdscc/catalogs/intermagnet'
