AAE
25 File ./data/AAE/PT1M/aae20010213vmin.min.gz exists.  Not re-downloading.
24 File ./data/AAE/PT1M/aae20010812vmin.min.gz exists.  Not re-downloading.
23 File ./data/AAE/PT1M/aae20020208vmin.min.gz exists.  Not re-downloading.
22 File ./data/AAE/PT1M/aae20020807vmin.min.gz exists.  Not re-downloading.
21 File ./data/AAE/PT1M/aae20030203vmin.min.gz exists.  Not re-downloading.
20 File ./data/AAE/PT1M/aae20030802vmin.min.gz exists.  Not re-downloading.
19 File ./data/AAE/PT1M/aae20040129vmin.min.gz exists.  Not re-downloading.
18 File ./data/AAE/PT1M/aae20040727vmin.min.gz exists.  Not re-downloading.
17 File ./data/AAE/PT1M/aae20050123vmin.min.gz exists.  Not re-downloading.
16 File ./data/AAE/PT1M/aae20050722vmin.min.gz exists.  Not re-downloading.
15 File ./data/AAE/PT1M/aae20060118vmin.min.gz exists.  Not re-downloading.
14 File ./data/AAE/PT1M/aae20060717vmin.min.gz exists.  Not re-downloading.
13 File ./data/AAE/PT1M/aae20070113vmin.min.gz exists.  Not re-downloading.
12 File ./data/AAE/PT1M/aae20070712vmin.min.gz exists.  Not re-downloading.
11 File ./data/AAE/PT1M/aae20080108vmin.min.gz exists.  Not re-downloading.
10 File ./data/AAE/PT1M/aae20080706vmin.min.gz exists.  Not re-downloading.
9 File ./data/AAE/PT1M/aae20090102vmin.min.gz exists.  Not re-downloading.
8 File ./data/AAE/PT1M/aae20090701vmin.min.gz exists.  Not re-downloading.
7 File ./data/AAE/PT1M/aae20091228vmin.min.gz exists.  Not re-downloading.
6 File ./data/AAE/PT1M/aae20100626vmin.min.gz exists.  Not re-downloading.
5 File ./data/AAE/PT1M/aae20101223vmin.min.gz exists.  Not re-downloading.
4 File ./data/AAE/PT1M/aae20110621vmin.min.gz exists.  Not re-downloading.
3 File ./data/AAE/PT1M/aae20111218vmin.min.gz exists.  Not re-downloading.
2 File ./data/AAE/PT1M/aae20120615vmin.min.gz exists.  Not re-downloading.
AAE Request 1 http://intermagnet.org/data-donnee/download-2-eng.php?rate=minute&type=variation&format=IAGA2002&from_year=2012&from_month=12&from_day=12&to_year=2012&to_month=12&to_day=30&filter_region[]=America&filter_region[]=Asia&filter_region[]=Europe&filter_region[]=Pacific&filter_region[]=Africa&filter_lat[]=NH&filter_lat[]=NM&filter_lat[]=E&filter_lat[]=SM&filter_lat[]=SH&select_all[]=AAE&select[]=aae20121212vmin.min.gz&select[]=aae20121213vmin.min.gz&select[]=aae20121214vmin.min.gz&select[]=aae20121215vmin.min.gz&select[]=aae20121216vmin.min.gz&select[]=aae20121217vmin.min.gz&select[]=aae20121218vmin.min.gz&select[]=aae20121219vmin.min.gz&select[]=aae20121220vmin.min.gz&select[]=aae20121221vmin.min.gz&select[]=aae20121222vmin.min.gz&select[]=aae20121223vmin.min.gz&select[]=aae20121224vmin.min.gz&select[]=aae20121225vmin.min.gz&select[]=aae20121226vmin.min.gz&select[]=aae20121227vmin.min.gz&select[]=aae20121228vmin.min.gz&select[]=aae20121229vmin.min.gz&select[]=aae20121230vmin.min.gz&email=rweigel@gmu.edu&accept=accept
1 Evaluating  mkdir -p ./data/AAE/PT1M/; curl http://www.intermagnet.org/apps/download/products//data20141005000436.zip > ./data/AAE/PT1M/data20141005000436.zip;cd ./data/AAE/PT1M/;unzip -q -o data20141005000436.zip;rm -f data20141005000436.zip
  % Total    % Received % Xferd  Average Speed   Time    Time     Time  Current
                                 Dload  Upload   Total   Spent    Left  Speed
  0     0    0     0    0     0      0      0 --:--:-- --:--:-- --:--:--     0  0     0    0     0    0     0      0      0 --:--:-- --:--:-- --:--:--     0  0  1103    0     0    0     0      0      0 --:--:--  0:00:01 --:--:--     0100  1103  100  1103    0     0    801      0  0:00:01  0:00:01 --:--:--   801

1 1. Did not find ./data/AAE/PT1M/aae20121212vmin.min
1 1. Did not find ./data/AAE/PT1M/aae20121212vmin.min.gz
1 Trying without gz extension in URL.
AAE Request 1 http://intermagnet.org/data-donnee/download-2-eng.php?rate=minute&type=variation&format=IAGA2002&from_year=2012&from_month=12&from_day=12&to_year=2012&to_month=12&to_day=30&filter_region[]=America&filter_region[]=Asia&filter_region[]=Europe&filter_region[]=Pacific&filter_region[]=Africa&filter_lat[]=NH&filter_lat[]=NM&filter_lat[]=E&filter_lat[]=SM&filter_lat[]=SH&select_all[]=AAE&select[]=aae20121212vmin.min&select[]=aae20121213vmin.min&select[]=aae20121214vmin.min&select[]=aae20121215vmin.min&select[]=aae20121216vmin.min&select[]=aae20121217vmin.min&select[]=aae20121218vmin.min&select[]=aae20121219vmin.min&select[]=aae20121220vmin.min&select[]=aae20121221vmin.min&select[]=aae20121222vmin.min&select[]=aae20121223vmin.min&select[]=aae20121224vmin.min&select[]=aae20121225vmin.min&select[]=aae20121226vmin.min&select[]=aae20121227vmin.min&select[]=aae20121228vmin.min&select[]=aae20121229vmin.min&select[]=aae20121230vmin.min&email=rweigel@gmu.edu&accept=accept
1 Evaluating  mkdir -p ./data/AAE/PT1M/; curl http://www.intermagnet.org/apps/download/products//data20141005000445.zip > ./data/AAE/PT1M/data20141005000445.zip;cd ./data/AAE/PT1M/;unzip -q -o data20141005000445.zip;rm -f data20141005000445.zip
  % Total    % Received % Xferd  Average Speed   Time    Time     Time  Current
                                 Dload  Upload   Total   Spent    Left  Speed
  0     0    0     0    0     0      0      0 --:--:-- --:--:-- --:--:--     0  0     0    0     0    0     0      0      0 --:--:-- --:--:-- --:--:--     0 82  372k   82  308k    0     0   217k      0  0:00:01  0:00:01 --:--:--  217k100  372k  100  372k    0     0   256k      0  0:00:01  0:00:01 --:--:--  256k

1 Success!!!!!  Done downloading.
______________________
Executing node mirror.js PT1M 2
ABK
25 File ./data/ABK/PT1M/abk20010101vmin.min.gz exists.  Not re-downloading.
24 File ./data/ABK/PT1M/abk20010630vmin.min.gz exists.  Not re-downloading.
23 File ./data/ABK/PT1M/abk20011227vmin.min.gz exists.  Not re-downloading.
22 File ./data/ABK/PT1M/abk20020625vmin.min.gz exists.  Not re-downloading.
21 File ./data/ABK/PT1M/abk20021222vmin.min.gz exists.  Not re-downloading.
20 File ./data/ABK/PT1M/abk20030620vmin.min.gz exists.  Not re-downloading.
19 File ./data/ABK/PT1M/abk20031217vmin.min.gz exists.  Not re-downloading.
18 File ./data/ABK/PT1M/abk20040614vmin.min.gz exists.  Not re-downloading.
17 File ./data/ABK/PT1M/abk20041211vmin.min.gz exists.  Not re-downloading.
16 File ./data/ABK/PT1M/abk20050609vmin.min.gz exists.  Not re-downloading.
15 File ./data/ABK/PT1M/abk20051206vmin.min.gz exists.  Not re-downloading.
14 File ./data/ABK/PT1M/abk20060604vmin.min.gz exists.  Not re-downloading.
13 File ./data/ABK/PT1M/abk20061201vmin.min.gz exists.  Not re-downloading.
12 File ./data/ABK/PT1M/abk20070530vmin.min.gz exists.  Not re-downloading.
11 File ./data/ABK/PT1M/abk20071126vmin.min.gz exists.  Not re-downloading.
10 File ./data/ABK/PT1M/abk20080524vmin.min.gz exists.  Not re-downloading.
9 File ./data/ABK/PT1M/abk20081120vmin.min.gz exists.  Not re-downloading.
8 File ./data/ABK/PT1M/abk20090519vmin.min.gz exists.  Not re-downloading.
7 File ./data/ABK/PT1M/abk20091115vmin.min.gz exists.  Not re-downloading.
6 File ./data/ABK/PT1M/abk20100514vmin.min.gz exists.  Not re-downloading.
5 File ./data/ABK/PT1M/abk20101110vmin.min.gz exists.  Not re-downloading.
4 File ./data/ABK/PT1M/abk20110509vmin.min.gz exists.  Not re-downloading.
3 File ./data/ABK/PT1M/abk20111105vmin.min.gz exists.  Not re-downloading.
2 File ./data/ABK/PT1M/abk20120503vmin.min.gz exists.  Not re-downloading.
ABK Request 1 http://intermagnet.org/data-donnee/download-2-eng.php?rate=minute&type=variation&format=IAGA2002&from_year=2012&from_month=10&from_day=30&to_year=2012&to_month=12&to_day=30&filter_region[]=America&filter_region[]=Asia&filter_region[]=Europe&filter_region[]=Pacific&filter_region[]=Africa&filter_lat[]=NH&filter_lat[]=NM&filter_lat[]=E&filter_lat[]=SM&filter_lat[]=SH&select_all[]=ABK&select[]=abk20121030vmin.min.gz&select[]=abk20121031vmin.min.gz&select[]=abk20121101vmin.min.gz&select[]=abk20121102vmin.min.gz&select[]=abk20121103vmin.min.gz&select[]=abk20121104vmin.min.gz&select[]=abk20121105vmin.min.gz&select[]=abk20121106vmin.min.gz&select[]=abk20121107vmin.min.gz&select[]=abk20121108vmin.min.gz&select[]=abk20121109vmin.min.gz&select[]=abk20121110vmin.min.gz&select[]=abk20121111vmin.min.gz&select[]=abk20121112vmin.min.gz&select[]=abk20121113vmin.min.gz&select[]=abk20121114vmin.min.gz&select[]=abk20121115vmin.min.gz&select[]=abk20121116vmin.min.gz&select[]=abk20121117vmin.min.gz&select[]=abk20121118vmin.min.gz&select[]=abk20121119vmin.min.gz&select[]=abk20121120vmin.min.gz&select[]=abk20121121vmin.min.gz&select[]=abk20121122vmin.min.gz&select[]=abk20121123vmin.min.gz&select[]=abk20121124vmin.min.gz&select[]=abk20121125vmin.min.gz&select[]=abk20121126vmin.min.gz&select[]=abk20121127vmin.min.gz&select[]=abk20121128vmin.min.gz&select[]=abk20121129vmin.min.gz&select[]=abk20121130vmin.min.gz&select[]=abk20121201vmin.min.gz&select[]=abk20121202vmin.min.gz&select[]=abk20121203vmin.min.gz&select[]=abk20121204vmin.min.gz&select[]=abk20121205vmin.min.gz&select[]=abk20121206vmin.min.gz&select[]=abk20121207vmin.min.gz&select[]=abk20121208vmin.min.gz&select[]=abk20121209vmin.min.gz&select[]=abk20121210vmin.min.gz&select[]=abk20121211vmin.min.gz&select[]=abk20121212vmin.min.gz&select[]=abk20121213vmin.min.gz&select[]=abk20121214vmin.min.gz&select[]=abk20121215vmin.min.gz&select[]=abk20121216vmin.min.gz&select[]=abk20121217vmin.min.gz&select[]=abk20121218vmin.min.gz&select[]=abk20121219vmin.min.gz&select[]=abk20121220vmin.min.gz&select[]=abk20121221vmin.min.gz&select[]=abk20121222vmin.min.gz&select[]=abk20121223vmin.min.gz&select[]=abk20121224vmin.min.gz&select[]=abk20121225vmin.min.gz&select[]=abk20121226vmin.min.gz&select[]=abk20121227vmin.min.gz&select[]=abk20121228vmin.min.gz&select[]=abk20121229vmin.min.gz&select[]=abk20121230vmin.min.gz&email=rweigel@gmu.edu&accept=accept
1 Evaluating  mkdir -p ./data/ABK/PT1M/; curl http://www.intermagnet.org/apps/download/products//data20141005000449.zip > ./data/ABK/PT1M/data20141005000449.zip;cd ./data/ABK/PT1M/;unzip -q -o data20141005000449.zip;rm -f data20141005000449.zip
  % Total    % Received % Xferd  Average Speed   Time    Time     Time  Current
                                 Dload  Upload   Total   Spent    Left  Speed
  0     0    0     0    0     0      0      0 --:--:-- --:--:-- --:--:--     0  0     0    0     0    0     0      0      0 --:--:-- --:--:-- --:--:--     0100  1103  100  1103    0     0    932      0  0:00:01  0:00:01 --:--:--   933

1 1. Did not find ./data/ABK/PT1M/abk20121030vmin.min
1 1. Did not find ./data/ABK/PT1M/abk20121030vmin.min.gz
1 Trying without gz extension in URL.
ABK Request 1 http://intermagnet.org/data-donnee/download-2-eng.php?rate=minute&type=variation&format=IAGA2002&from_year=2012&from_month=10&from_day=30&to_year=2012&to_month=12&to_day=30&filter_region[]=America&filter_region[]=Asia&filter_region[]=Europe&filter_region[]=Pacific&filter_region[]=Africa&filter_lat[]=NH&filter_lat[]=NM&filter_lat[]=E&filter_lat[]=SM&filter_lat[]=SH&select_all[]=ABK&select[]=abk20121030vmin.min&select[]=abk20121031vmin.min&select[]=abk20121101vmin.min&select[]=abk20121102vmin.min&select[]=abk20121103vmin.min&select[]=abk20121104vmin.min&select[]=abk20121105vmin.min&select[]=abk20121106vmin.min&select[]=abk20121107vmin.min&select[]=abk20121108vmin.min&select[]=abk20121109vmin.min&select[]=abk20121110vmin.min&select[]=abk20121111vmin.min&select[]=abk20121112vmin.min&select[]=abk20121113vmin.min&select[]=abk20121114vmin.min&select[]=abk20121115vmin.min&select[]=abk20121116vmin.min&select[]=abk20121117vmin.min&select[]=abk20121118vmin.min&select[]=abk20121119vmin.min&select[]=abk20121120vmin.min&select[]=abk20121121vmin.min&select[]=abk20121122vmin.min&select[]=abk20121123vmin.min&select[]=abk20121124vmin.min&select[]=abk20121125vmin.min&select[]=abk20121126vmin.min&select[]=abk20121127vmin.min&select[]=abk20121128vmin.min&select[]=abk20121129vmin.min&select[]=abk20121130vmin.min&select[]=abk20121201vmin.min&select[]=abk20121202vmin.min&select[]=abk20121203vmin.min&select[]=abk20121204vmin.min&select[]=abk20121205vmin.min&select[]=abk20121206vmin.min&select[]=abk20121207vmin.min&select[]=abk20121208vmin.min&select[]=abk20121209vmin.min&select[]=abk20121210vmin.min&select[]=abk20121211vmin.min&select[]=abk20121212vmin.min&select[]=abk20121213vmin.min&select[]=abk20121214vmin.min&select[]=abk20121215vmin.min&select[]=abk20121216vmin.min&select[]=abk20121217vmin.min&select[]=abk20121218vmin.min&select[]=abk20121219vmin.min&select[]=abk20121220vmin.min&select[]=abk20121221vmin.min&select[]=abk20121222vmin.min&select[]=abk20121223vmin.min&select[]=abk20121224vmin.min&select[]=abk20121225vmin.min&select[]=abk20121226vmin.min&select[]=abk20121227vmin.min&select[]=abk20121228vmin.min&select[]=abk20121229vmin.min&select[]=abk20121230vmin.min&email=rweigel@gmu.edu&accept=accept
1 Evaluating  mkdir -p ./data/ABK/PT1M/; curl http://www.intermagnet.org/apps/download/products//data20141005000452.zip > ./data/ABK/PT1M/data20141005000452.zip;cd ./data/ABK/PT1M/;unzip -q -o data20141005000452.zip;rm -f data20141005000452.zip
  % Total    % Received % Xferd  Average Speed   Time    Time     Time  Current
                                 Dload  Upload   Total   Spent    Left  Speed
  0     0    0     0    0     0      0      0 --:--:-- --:--:-- --:--:--     0  0     0    0     0    0     0      0      0 --:--:-- --:--:-- --:--:--     0 82  944k   82  777k    0     0   455k      0  0:00:02  0:00:01  0:00:01  455k100  944k  100  944k    0     0   537k      0  0:00:01  0:00:01 --:--:--  537k

1 Success!!!!!  Done downloading.
______________________
