0 info it worked if it ends with ok
1 verbose cli [ '/usr/bin/node', '/usr/bin/npm', 'owner', 'ls', 'tsdsfe' ]
2 info using npm@2.15.11
3 info using node@v0.12.18
4 verbose node symlink /usr/bin/node
5 silly mapToRegistry name tsdsfe
6 silly mapToRegistry using default registry
7 silly mapToRegistry registry https://registry.npmjs.org/
8 silly mapToRegistry data { raw: 'tsdsfe',
8 silly mapToRegistry   scope: null,
8 silly mapToRegistry   name: 'tsdsfe',
8 silly mapToRegistry   rawSpec: '',
8 silly mapToRegistry   spec: 'latest',
8 silly mapToRegistry   type: 'tag' }
9 silly mapToRegistry uri https://registry.npmjs.org/tsdsfe
10 verbose request uri https://registry.npmjs.org/tsdsfe
11 verbose request no auth needed
12 info attempt registry request try #1 at 9:22:28 AM
13 verbose request id f3f9fbe9328c2ebe
14 http request GET https://registry.npmjs.org/tsdsfe
15 http 404 https://registry.npmjs.org/tsdsfe
16 verbose headers { 'content-type': 'application/json',
16 verbose headers   'cache-control': 'max-age=0',
16 verbose headers   'content-length': '2',
16 verbose headers   'accept-ranges': 'bytes',
16 verbose headers   date: 'Thu, 09 Feb 2017 14:22:28 GMT',
16 verbose headers   via: '1.1 varnish',
16 verbose headers   age: '0',
16 verbose headers   connection: 'keep-alive',
16 verbose headers   'x-served-by': 'cache-iad2628-IAD',
16 verbose headers   'x-cache': 'MISS',
16 verbose headers   'x-cache-hits': '0',
16 verbose headers   'x-timer': 'S1486650148.874616,VS0,VE58',
16 verbose headers   vary: 'Accept-Encoding' }
17 silly get cb [ 404,
17 silly get   { 'content-type': 'application/json',
17 silly get     'cache-control': 'max-age=0',
17 silly get     'content-length': '2',
17 silly get     'accept-ranges': 'bytes',
17 silly get     date: 'Thu, 09 Feb 2017 14:22:28 GMT',
17 silly get     via: '1.1 varnish',
17 silly get     age: '0',
17 silly get     connection: 'keep-alive',
17 silly get     'x-served-by': 'cache-iad2628-IAD',
17 silly get     'x-cache': 'MISS',
17 silly get     'x-cache-hits': '0',
17 silly get     'x-timer': 'S1486650148.874616,VS0,VE58',
17 silly get     vary: 'Accept-Encoding' } ]
18 error owner ls Couldn't get owner data tsdsfe
19 verbose stack Error: Registry returned 404 for GET on https://registry.npmjs.org/tsdsfe
19 verbose stack     at makeError (/usr/lib/node_modules/npm/node_modules/npm-registry-client/lib/request.js:302:12)
19 verbose stack     at CachingRegistryClient.<anonymous> (/usr/lib/node_modules/npm/node_modules/npm-registry-client/lib/request.js:280:14)
19 verbose stack     at Request._callback (/usr/lib/node_modules/npm/node_modules/npm-registry-client/lib/request.js:210:14)
19 verbose stack     at Request.self.callback (/usr/lib/node_modules/npm/node_modules/request/request.js:187:22)
19 verbose stack     at Request.emit (events.js:110:17)
19 verbose stack     at Request.<anonymous> (/usr/lib/node_modules/npm/node_modules/request/request.js:1044:10)
19 verbose stack     at Request.emit (events.js:107:17)
19 verbose stack     at IncomingMessage.<anonymous> (/usr/lib/node_modules/npm/node_modules/request/request.js:965:12)
19 verbose stack     at IncomingMessage.emit (events.js:129:20)
19 verbose stack     at _stream_readable.js:908:16
20 verbose statusCode 404
21 verbose pkgid tsdsfe
22 verbose cwd /home/weigel/git/tsds2/tsdscc/catalogs/hapi
23 error Linux 4.4.0-59-generic
24 error argv "/usr/bin/node" "/usr/bin/npm" "owner" "ls" "tsdsfe"
25 error node v0.12.18
26 error npm  v2.15.11
27 error code E404
28 error 404 Registry returned 404 for GET on https://registry.npmjs.org/tsdsfe
28 error 404
28 error 404 'tsdsfe' is not in the npm registry.
28 error 404 You should bug the author to publish it (or use the name yourself!)
28 error 404
28 error 404 Note that you can also install from a
28 error 404 tarball, folder, http url, or git url.
29 verbose exit [ 1, true ]
